[2018-08-28 17:36:32.758] [sharedprocess] [info] main {"machineId":"1108c1f538b7dd7e0f879112807780b3ebcfc6e5658226d7659fbfeb0f6d36ee"}
[2018-08-28 17:36:32.805] [sharedprocess] [info] Scanned user extensions: 7
[2018-08-28 17:36:32.811] [sharedprocess] [info] Scanned user extensions: 7
[2018-08-28 17:36:32.815] [sharedprocess] [info] Scanned user extensions: 7
[2018-08-28 17:36:32.858] [sharedprocess] [info] Scanned system extensions: 71
[2018-08-28 17:36:32.858] [sharedprocess] [info] Scanned system extensions: 71
[2018-08-28 17:36:33.566] [sharedprocess] [info] Scanned user extensions: 7
[2018-08-28 17:36:33.567] [sharedprocess] [info] Scanned user extensions: 7
[2018-08-28 17:36:34.589] [sharedprocess] [info] Installing extension: beautify
[2018-08-28 17:36:34.591] [sharedprocess] [info] Scanned user extensions: 7
[2018-08-28 17:36:36.325] [sharedprocess] [info] Downloaded extension: beautify /tmp/c718e9c3-f126-4674-b96f-0ccb2f9be464
[2018-08-28 17:36:36.536] [sharedprocess] [info] Extracted extension to /home/xsisec/.vscode/extensions/.hookyqr.beautify-1.4.2: hookyqr.beautify-1.4.2
[2018-08-28 17:36:36.536] [sharedprocess] [info] Renamed to /home/xsisec/.vscode/extensions/hookyqr.beautify-1.4.2
[2018-08-28 17:36:36.536] [sharedprocess] [info] Installation completed. hookyqr.beautify-1.4.2
[2018-08-28 17:36:36.540] [sharedprocess] [info] Extensions installed successfully: hookyqr.beautify
[2018-08-28 17:36:36.649] [sharedprocess] [info] Scanned user extensions: 7
[2018-08-28 17:36:36.670] [sharedprocess] [info] Scanned system extensions: 71
[2018-08-28 17:37:12.762] [sharedprocess] [info] Starting to clean up unused language packs.
[2018-08-28 17:41:33.619] [sharedprocess] [info] Scanned user extensions: 7
[2018-08-28 17:46:33.627] [sharedprocess] [info] Scanned user extensions: 7
[2018-08-28 17:51:33.654] [sharedprocess] [info] Scanned user extensions: 7
[2018-08-28 17:56:33.667] [sharedprocess] [info] Scanned user extensions: 7
[2018-08-28 18:01:33.681] [sharedprocess] [info] Scanned user extensions: 7
[2018-08-28 18:06:33.689] [sharedprocess] [info] Scanned user extensions: 7
[2018-08-28 18:11:33.710] [sharedprocess] [info] Scanned user extensions: 7
[2018-08-28 18:16:33.718] [sharedprocess] [info] Scanned user extensions: 7
[2018-08-28 18:21:33.724] [sharedprocess] [info] Scanned user extensions: 7
[2018-08-28 18:26:33.740] [sharedprocess] [info] Scanned user extensions: 7
[2018-08-28 18:31:33.764] [sharedprocess] [info] Scanned user extensions: 7
[2018-08-28 18:36:33.843] [sharedprocess] [info] Scanned user extensions: 7
[2018-08-28 18:41:33.853] [sharedprocess] [info] Scanned user extensions: 7
[2018-08-28 18:46:33.861] [sharedprocess] [info] Scanned user extensions: 7
[2018-08-28 18:51:33.868] [sharedprocess] [info] Scanned user extensions: 7
[2018-08-28 18:56:33.878] [sharedprocess] [info] Scanned user extensions: 7
[2018-08-28 19:01:33.887] [sharedprocess] [info] Scanned user extensions: 7
[2018-08-28 19:06:33.895] [sharedprocess] [info] Scanned user extensions: 7
[2018-08-28 19:11:33.929] [sharedprocess] [info] Scanned user extensions: 7
[2018-08-28 19:16:33.936] [sharedprocess] [info] Scanned user extensions: 7
