[2018-08-27 12:58:22.874] [sharedprocess] [info] main {"machineId":"1108c1f538b7dd7e0f879112807780b3ebcfc6e5658226d7659fbfeb0f6d36ee"}
[2018-08-27 12:58:22.906] [sharedprocess] [info] Scanned user extensions: 3
[2018-08-27 12:58:22.912] [sharedprocess] [info] Scanned user extensions: 3
[2018-08-27 12:58:22.912] [sharedprocess] [info] Scanned user extensions: 3
[2018-08-27 12:58:22.947] [sharedprocess] [info] Scanned system extensions: 71
[2018-08-27 12:58:22.948] [sharedprocess] [info] Scanned system extensions: 71
[2018-08-27 12:58:23.743] [sharedprocess] [info] Scanned user extensions: 3
[2018-08-27 12:58:23.756] [sharedprocess] [info] Scanned user extensions: 3
[2018-08-27 12:59:02.877] [sharedprocess] [info] Starting to clean up unused language packs.
[2018-08-27 13:03:23.794] [sharedprocess] [info] Scanned user extensions: 3
[2018-08-27 13:08:23.810] [sharedprocess] [info] Scanned user extensions: 3
[2018-08-27 13:13:23.817] [sharedprocess] [info] Scanned user extensions: 3
[2018-08-27 13:18:23.821] [sharedprocess] [info] Scanned user extensions: 3
[2018-08-27 13:23:23.834] [sharedprocess] [info] Scanned user extensions: 3
[2018-08-27 13:28:23.848] [sharedprocess] [info] Scanned user extensions: 3
[2018-08-27 13:33:23.862] [sharedprocess] [info] Scanned user extensions: 3
[2018-08-27 13:38:23.873] [sharedprocess] [info] Scanned user extensions: 3
[2018-08-27 13:43:23.885] [sharedprocess] [info] Scanned user extensions: 3
[2018-08-27 13:48:23.898] [sharedprocess] [info] Scanned user extensions: 3
[2018-08-27 13:53:23.913] [sharedprocess] [info] Scanned user extensions: 3
[2018-08-27 13:58:24.309] [sharedprocess] [info] Scanned user extensions: 3
[2018-08-27 14:03:24.315] [sharedprocess] [info] Scanned user extensions: 3
[2018-08-27 14:08:24.326] [sharedprocess] [info] Scanned user extensions: 3
[2018-08-27 14:13:24.344] [sharedprocess] [info] Scanned user extensions: 3
[2018-08-27 14:18:24.357] [sharedprocess] [info] Scanned user extensions: 3
[2018-08-27 14:23:24.369] [sharedprocess] [info] Scanned user extensions: 3
[2018-08-27 14:28:24.388] [sharedprocess] [info] Scanned user extensions: 3
[2018-08-27 14:33:24.402] [sharedprocess] [info] Scanned user extensions: 3
[2018-08-27 14:38:24.414] [sharedprocess] [info] Scanned user extensions: 3
[2018-08-27 14:43:24.429] [sharedprocess] [info] Scanned user extensions: 3
[2018-08-27 14:48:24.441] [sharedprocess] [info] Scanned user extensions: 3
[2018-08-27 14:53:24.454] [sharedprocess] [info] Scanned user extensions: 3
[2018-08-27 15:00:34.390] [sharedprocess] [info] Scanned user extensions: 3
[2018-08-27 15:07:44.470] [sharedprocess] [info] Scanned user extensions: 3
[2018-08-27 15:14:54.550] [sharedprocess] [info] Scanned user extensions: 3
[2018-08-27 15:22:04.631] [sharedprocess] [info] Scanned user extensions: 3
[2018-08-27 15:29:14.711] [sharedprocess] [info] Scanned user extensions: 3
[2018-08-27 15:36:24.790] [sharedprocess] [info] Scanned user extensions: 3
[2018-08-27 15:43:34.870] [sharedprocess] [info] Scanned user extensions: 3
[2018-08-27 15:50:44.949] [sharedprocess] [info] Scanned user extensions: 3
[2018-08-27 15:57:55.029] [sharedprocess] [info] Scanned user extensions: 3
[2018-08-27 16:04:14.106] [sharedprocess] [info] Scanned user extensions: 3
[2018-08-27 16:09:14.626] [sharedprocess] [info] Scanned user extensions: 3
[2018-08-27 16:14:14.640] [sharedprocess] [info] Scanned user extensions: 3
[2018-08-27 16:19:14.654] [sharedprocess] [info] Scanned user extensions: 3
[2018-08-27 16:24:14.668] [sharedprocess] [info] Scanned user extensions: 3
[2018-08-27 16:29:14.681] [sharedprocess] [info] Scanned user extensions: 3
[2018-08-27 16:34:14.695] [sharedprocess] [info] Scanned user extensions: 3
[2018-08-27 16:39:14.700] [sharedprocess] [info] Scanned user extensions: 3
[2018-08-27 16:44:14.714] [sharedprocess] [info] Scanned user extensions: 3
[2018-08-27 16:49:14.727] [sharedprocess] [info] Scanned user extensions: 3
[2018-08-27 16:54:14.741] [sharedprocess] [info] Scanned user extensions: 3
[2018-08-27 16:59:14.754] [sharedprocess] [info] Scanned user extensions: 3
[2018-08-27 17:04:14.761] [sharedprocess] [info] Scanned user extensions: 3
[2018-08-27 17:09:15.075] [sharedprocess] [info] Scanned user extensions: 3
[2018-08-27 17:14:15.089] [sharedprocess] [info] Scanned user extensions: 3
[2018-08-27 17:19:15.102] [sharedprocess] [info] Scanned user extensions: 3
[2018-08-27 17:24:15.116] [sharedprocess] [info] Scanned user extensions: 3
[2018-08-27 17:29:15.130] [sharedprocess] [info] Scanned user extensions: 3
[2018-08-27 17:34:15.144] [sharedprocess] [info] Scanned user extensions: 3
[2018-08-27 17:39:15.159] [sharedprocess] [info] Scanned user extensions: 3
[2018-08-27 17:44:15.174] [sharedprocess] [info] Scanned user extensions: 3
[2018-08-27 17:49:15.188] [sharedprocess] [info] Scanned user extensions: 3
[2018-08-27 17:54:15.208] [sharedprocess] [info] Scanned user extensions: 3
[2018-08-27 17:59:15.222] [sharedprocess] [info] Scanned user extensions: 3
[2018-08-27 18:04:15.240] [sharedprocess] [info] Scanned user extensions: 3
[2018-08-27 18:09:15.308] [sharedprocess] [info] Scanned user extensions: 3
[2018-08-27 18:14:15.321] [sharedprocess] [info] Scanned user extensions: 3
[2018-08-27 18:19:15.334] [sharedprocess] [info] Scanned user extensions: 3
[2018-08-27 18:24:15.352] [sharedprocess] [info] Scanned user extensions: 3
[2018-08-27 18:29:15.365] [sharedprocess] [info] Scanned user extensions: 3
[2018-08-27 18:34:15.379] [sharedprocess] [info] Scanned user extensions: 3
[2018-08-27 18:38:06.297] [sharedprocess] [info] Scanned user extensions: 3
[2018-08-27 18:38:06.298] [sharedprocess] [info] Scanned user extensions: 3
[2018-08-27 18:38:06.327] [sharedprocess] [info] Scanned system extensions: 71
[2018-08-27 18:38:09.221] [sharedprocess] [info] Scanned user extensions: 3
[2018-08-27 18:38:09.275] [sharedprocess] [info] Scanned user extensions: 3
[2018-08-27 18:39:15.397] [sharedprocess] [info] Scanned user extensions: 3
[2018-08-27 18:44:15.408] [sharedprocess] [info] Scanned user extensions: 3
[2018-08-27 18:49:15.421] [sharedprocess] [info] Scanned user extensions: 3
[2018-08-27 18:54:15.427] [sharedprocess] [info] Scanned user extensions: 3
[2018-08-27 18:59:15.440] [sharedprocess] [info] Scanned user extensions: 3
[2018-08-27 19:04:15.449] [sharedprocess] [info] Scanned user extensions: 3
[2018-08-27 19:09:15.512] [sharedprocess] [info] Scanned user extensions: 3
[2018-08-27 19:14:15.529] [sharedprocess] [info] Scanned user extensions: 3
[2018-08-27 19:19:15.544] [sharedprocess] [info] Scanned user extensions: 3
[2018-08-27 19:23:50.058] [sharedprocess] [info] Scanned user extensions: 3
[2018-08-27 19:23:50.060] [sharedprocess] [info] Scanned user extensions: 3
[2018-08-27 19:23:50.061] [sharedprocess] [info] Scanned user extensions: 3
[2018-08-27 19:23:50.088] [sharedprocess] [info] Scanned user extensions: 3
[2018-08-27 19:23:50.096] [sharedprocess] [info] Scanned system extensions: 71
[2018-08-27 19:23:50.097] [sharedprocess] [info] Scanned system extensions: 71
[2018-08-27 19:23:50.109] [sharedprocess] [info] Scanned system extensions: 71
[2018-08-27 19:24:15.560] [sharedprocess] [info] Scanned user extensions: 3
[2018-08-27 19:29:15.578] [sharedprocess] [info] Scanned user extensions: 3
[2018-08-27 19:34:15.591] [sharedprocess] [info] Scanned user extensions: 3
[2018-08-27 19:39:15.604] [sharedprocess] [info] Scanned user extensions: 3
[2018-08-27 19:44:15.614] [sharedprocess] [info] Scanned user extensions: 3
[2018-08-27 19:49:15.623] [sharedprocess] [info] Scanned user extensions: 3
[2018-08-27 19:54:15.637] [sharedprocess] [info] Scanned user extensions: 3
[2018-08-27 19:59:15.650] [sharedprocess] [info] Scanned user extensions: 3
[2018-08-27 20:04:15.663] [sharedprocess] [info] Scanned user extensions: 3
[2018-08-27 20:09:15.745] [sharedprocess] [info] Scanned user extensions: 3
[2018-08-27 20:14:15.753] [sharedprocess] [info] Scanned user extensions: 3
[2018-08-27 20:19:15.761] [sharedprocess] [info] Scanned user extensions: 3
[2018-08-27 20:24:15.775] [sharedprocess] [info] Scanned user extensions: 3
[2018-08-27 20:29:15.780] [sharedprocess] [info] Scanned user extensions: 3
[2018-08-27 20:34:15.787] [sharedprocess] [info] Scanned user extensions: 3
[2018-08-27 20:39:15.792] [sharedprocess] [info] Scanned user extensions: 3
[2018-08-27 20:44:15.798] [sharedprocess] [info] Scanned user extensions: 3
[2018-08-27 20:49:15.804] [sharedprocess] [info] Scanned user extensions: 3
[2018-08-27 20:54:15.812] [sharedprocess] [info] Scanned user extensions: 3
[2018-08-27 20:59:15.817] [sharedprocess] [info] Scanned user extensions: 3
[2018-08-27 21:04:15.823] [sharedprocess] [info] Scanned user extensions: 3
[2018-08-27 21:09:15.877] [sharedprocess] [info] Scanned user extensions: 3
[2018-08-27 21:14:15.882] [sharedprocess] [info] Scanned user extensions: 3
[2018-08-27 21:17:32.189] [sharedprocess] [info] Installing extension: Angular-BeastCode
[2018-08-27 21:17:32.191] [sharedprocess] [info] Scanned user extensions: 3
[2018-08-27 21:17:33.194] [sharedprocess] [info] Downloaded extension: Angular-BeastCode /tmp/868dfb16-4718-4c50-963d-2f62b4d1a661
[2018-08-27 21:17:33.233] [sharedprocess] [info] Extracted extension to /home/xsisec/.vscode/extensions/.mikael.angular-beastcode-6.2.14: mikael.angular-beastcode-6.2.14
[2018-08-27 21:17:33.233] [sharedprocess] [info] Renamed to /home/xsisec/.vscode/extensions/mikael.angular-beastcode-6.2.14
[2018-08-27 21:17:33.233] [sharedprocess] [info] Installation completed. mikael.angular-beastcode-6.2.14
[2018-08-27 21:17:33.237] [sharedprocess] [info] Extensions installed successfully: mikael.angular-beastcode
[2018-08-27 21:17:33.358] [sharedprocess] [info] Scanned user extensions: 4
[2018-08-27 21:17:33.383] [sharedprocess] [info] Scanned system extensions: 71
[2018-08-27 21:17:40.373] [sharedprocess] [info] Installing extension: vscode-html-format
[2018-08-27 21:17:40.376] [sharedprocess] [info] Scanned user extensions: 4
[2018-08-27 21:17:42.072] [sharedprocess] [info] Downloaded extension: vscode-html-format /tmp/6565dcb1-af1d-4ef2-bbad-6ed827383b75
[2018-08-27 21:17:42.088] [sharedprocess] [info] Extracted extension to /home/xsisec/.vscode/extensions/.mohd-akram.vscode-html-format-0.0.3: mohd-akram.vscode-html-format-0.0.3
[2018-08-27 21:17:42.088] [sharedprocess] [info] Renamed to /home/xsisec/.vscode/extensions/mohd-akram.vscode-html-format-0.0.3
[2018-08-27 21:17:42.088] [sharedprocess] [info] Installation completed. mohd-akram.vscode-html-format-0.0.3
[2018-08-27 21:17:42.091] [sharedprocess] [info] Extensions installed successfully: mohd-akram.vscode-html-format
[2018-08-27 21:17:42.214] [sharedprocess] [info] Scanned user extensions: 5
[2018-08-27 21:17:42.240] [sharedprocess] [info] Scanned system extensions: 71
[2018-08-27 21:18:15.197] [sharedprocess] [info] Scanned user extensions: 5
[2018-08-27 21:18:15.197] [sharedprocess] [info] Uninstalling extension: mohd-akram.vscode-html-format-0.0.3
[2018-08-27 21:18:15.201] [sharedprocess] [info] Scanned user extensions: 5
[2018-08-27 21:18:15.203] [sharedprocess] [info] Successfully uninstalled extension: mohd-akram.vscode-html-format-0.0.3
[2018-08-27 21:18:15.568] [sharedprocess] [info] Scanned user extensions: 4
[2018-08-27 21:18:15.588] [sharedprocess] [info] Scanned system extensions: 71
[2018-08-27 21:18:18.870] [sharedprocess] [info] Installing extension: html-snippets
[2018-08-27 21:18:18.873] [sharedprocess] [info] Scanned user extensions: 4
[2018-08-27 21:18:20.292] [sharedprocess] [info] Downloaded extension: html-snippets /tmp/de344906-15c6-41f8-9c08-f32ff73af974
[2018-08-27 21:18:20.303] [sharedprocess] [info] Extracted extension to /home/xsisec/.vscode/extensions/.abusaidm.html-snippets-0.2.1: abusaidm.html-snippets-0.2.1
[2018-08-27 21:18:20.303] [sharedprocess] [info] Renamed to /home/xsisec/.vscode/extensions/abusaidm.html-snippets-0.2.1
[2018-08-27 21:18:20.303] [sharedprocess] [info] Installation completed. abusaidm.html-snippets-0.2.1
[2018-08-27 21:18:20.305] [sharedprocess] [info] Extensions installed successfully: abusaidm.html-snippets
[2018-08-27 21:18:20.426] [sharedprocess] [info] Scanned user extensions: 5
[2018-08-27 21:18:20.445] [sharedprocess] [info] Scanned system extensions: 71
[2018-08-27 21:18:36.350] [sharedprocess] [info] Installing extension: prettier-vscode
[2018-08-27 21:18:36.354] [sharedprocess] [info] Scanned user extensions: 5
[2018-08-27 21:18:39.902] [sharedprocess] [info] Downloaded extension: prettier-vscode /tmp/2f1728ad-e1e6-475b-b4e5-db79da7c9ad7
[2018-08-27 21:18:44.239] [sharedprocess] [info] Extracted extension to /home/xsisec/.vscode/extensions/.esbenp.prettier-vscode-1.6.1: esbenp.prettier-vscode-1.6.1
[2018-08-27 21:18:44.239] [sharedprocess] [info] Renamed to /home/xsisec/.vscode/extensions/esbenp.prettier-vscode-1.6.1
[2018-08-27 21:18:44.239] [sharedprocess] [info] Installation completed. esbenp.prettier-vscode-1.6.1
[2018-08-27 21:18:44.409] [sharedprocess] [info] Extensions installed successfully: esbenp.prettier-vscode
[2018-08-27 21:18:44.567] [sharedprocess] [info] Scanned system extensions: 71
[2018-08-27 21:18:45.838] [sharedprocess] [info] Scanned user extensions: 6
[2018-08-27 21:19:15.888] [sharedprocess] [info] Scanned user extensions: 6
[2018-08-27 21:24:15.896] [sharedprocess] [info] Scanned user extensions: 6
[2018-08-27 21:29:15.904] [sharedprocess] [info] Scanned user extensions: 6
[2018-08-27 21:34:15.921] [sharedprocess] [info] Scanned user extensions: 6
[2018-08-27 21:39:15.942] [sharedprocess] [info] Scanned user extensions: 6
[2018-08-27 21:44:15.960] [sharedprocess] [info] Scanned user extensions: 6
[2018-08-27 21:49:15.971] [sharedprocess] [info] Scanned user extensions: 6
[2018-08-27 21:50:19.196] [sharedprocess] [info] Installing extension: live-html-previewer
[2018-08-27 21:50:19.199] [sharedprocess] [info] Scanned user extensions: 6
[2018-08-27 21:50:20.372] [sharedprocess] [info] Downloaded extension: live-html-previewer /tmp/c34659b6-4090-4171-88b7-23275b683f04
[2018-08-27 21:50:20.420] [sharedprocess] [info] Extracted extension to /home/xsisec/.vscode/extensions/.hdg.live-html-previewer-0.3.0: hdg.live-html-previewer-0.3.0
[2018-08-27 21:50:20.420] [sharedprocess] [info] Renamed to /home/xsisec/.vscode/extensions/hdg.live-html-previewer-0.3.0
[2018-08-27 21:50:20.420] [sharedprocess] [info] Installation completed. hdg.live-html-previewer-0.3.0
[2018-08-27 21:50:20.422] [sharedprocess] [info] Extensions installed successfully: hdg.live-html-previewer
[2018-08-27 21:50:20.566] [sharedprocess] [info] Scanned user extensions: 7
[2018-08-27 21:50:20.600] [sharedprocess] [info] Scanned system extensions: 71
[2018-08-27 21:50:58.548] [sharedprocess] [info] Scanned user extensions: 7
[2018-08-27 21:50:58.572] [sharedprocess] [info] Scanned user extensions: 7
[2018-08-27 21:50:58.592] [sharedprocess] [info] Scanned user extensions: 7
[2018-08-27 21:50:58.605] [sharedprocess] [info] Scanned user extensions: 7
[2018-08-27 21:50:58.605] [sharedprocess] [info] Scanned system extensions: 71
[2018-08-27 21:50:58.607] [sharedprocess] [info] Scanned system extensions: 71
[2018-08-27 21:50:58.609] [sharedprocess] [info] Scanned system extensions: 71
[2018-08-27 21:50:58.611] [sharedprocess] [info] Scanned system extensions: 71
[2018-08-27 21:50:58.612] [sharedprocess] [info] Scanned user extensions: 7
[2018-08-27 21:50:58.614] [sharedprocess] [info] Scanned user extensions: 7
[2018-08-27 21:51:01.792] [sharedprocess] [info] Scanned user extensions: 7
[2018-08-27 21:51:01.794] [sharedprocess] [info] Scanned user extensions: 7
[2018-08-27 21:56:01.841] [sharedprocess] [info] Scanned user extensions: 7
[2018-08-27 22:01:01.852] [sharedprocess] [info] Scanned user extensions: 7
[2018-08-27 22:06:01.865] [sharedprocess] [info] Scanned user extensions: 7
