[2018-08-28 10:55:33.118] [exthost1] [info] extension host started
[2018-08-28 10:55:33.135] [exthost1] [info] ExtensionService#_doActivateExtension vscode.debug-auto-launch {"startup":true,"activationEvent":"*"}
[2018-08-28 10:55:33.135] [exthost1] [info] ExtensionService#loadCommonJSModule /usr/share/code/resources/app/extensions/debug-auto-launch/out/extension
[2018-08-28 10:55:33.144] [exthost1] [info] ExtensionService#_doActivateExtension vscode.emmet {"startup":true,"activationEvent":"*"}
[2018-08-28 10:55:33.144] [exthost1] [info] ExtensionService#loadCommonJSModule /usr/share/code/resources/app/extensions/emmet/out/extension
[2018-08-28 10:55:33.192] [exthost1] [info] ExtensionService#_doActivateExtension vscode.git {"startup":true,"activationEvent":"*"}
[2018-08-28 10:55:33.192] [exthost1] [info] ExtensionService#loadCommonJSModule /usr/share/code/resources/app/extensions/git/out/main
[2018-08-28 10:55:33.323] [exthost1] [info] ExtensionService#_doActivateExtension vscode.merge-conflict {"startup":true,"activationEvent":"*"}
[2018-08-28 10:55:33.323] [exthost1] [info] ExtensionService#loadCommonJSModule /usr/share/code/resources/app/extensions/merge-conflict/out/extension
[2018-08-28 10:55:33.333] [exthost1] [info] ExtensionService#_doActivateExtension vscode.search-rg {"startup":true,"activationEvent":"*"}
[2018-08-28 10:55:33.333] [exthost1] [info] ExtensionService#loadCommonJSModule /usr/share/code/resources/app/extensions/search-rg/out/extension
[2018-08-28 10:55:33.339] [exthost1] [info] ExtensionService#_doActivateExtension esbenp.prettier-vscode {"startup":true,"activationEvent":"*"}
[2018-08-28 10:55:33.339] [exthost1] [info] ExtensionService#loadCommonJSModule /home/xsisec/.vscode/extensions/esbenp.prettier-vscode-1.6.1/out/src/extension
[2018-08-28 10:55:33.470] [exthost1] [info] ExtensionService#_doActivateExtension HookyQR.beautify {"startup":true,"activationEvent":"*"}
[2018-08-28 10:55:33.470] [exthost1] [info] ExtensionService#loadCommonJSModule /home/xsisec/.vscode/extensions/hookyqr.beautify-1.3.2/extension
[2018-08-28 10:55:33.507] [exthost1] [info] ExtensionService#_doActivateExtension PKief.material-icon-theme {"startup":true,"activationEvent":"*"}
[2018-08-28 10:55:33.507] [exthost1] [info] ExtensionService#loadCommonJSModule /home/xsisec/.vscode/extensions/pkief.material-icon-theme-3.5.3/out/src/extension
[2018-08-28 10:55:33.545] [exthost1] [info] eager extensions activated
[2018-08-28 10:55:33.545] [exthost1] [info] ExtensionService#_doActivateExtension vscode.html-language-features {"startup":false,"activationEvent":"onLanguage:html"}
[2018-08-28 10:55:33.545] [exthost1] [info] ExtensionService#loadCommonJSModule /usr/share/code/resources/app/extensions/html-language-features/client/out/htmlMain
[2018-08-28 10:55:33.654] [exthost1] [info] ExtensionService#_doActivateExtension hdg.live-html-previewer {"startup":false,"activationEvent":"onLanguage:html"}
[2018-08-28 10:55:33.654] [exthost1] [info] ExtensionService#loadCommonJSModule /home/xsisec/.vscode/extensions/hdg.live-html-previewer-0.3.0/out/src/extension
