[2018-08-29 10:58:29.898] [sharedprocess] [info] main {"machineId":"1108c1f538b7dd7e0f879112807780b3ebcfc6e5658226d7659fbfeb0f6d36ee"}
[2018-08-29 10:58:29.939] [sharedprocess] [info] Scanned user extensions: 7
[2018-08-29 10:58:29.950] [sharedprocess] [info] Scanned user extensions: 7
[2018-08-29 10:58:29.953] [sharedprocess] [info] Scanned user extensions: 7
[2018-08-29 10:58:29.989] [sharedprocess] [info] Deleted from disk hookyqr.beautify-1.3.2
[2018-08-29 10:58:29.993] [sharedprocess] [info] Scanned system extensions: 71
[2018-08-29 10:58:29.993] [sharedprocess] [info] Scanned system extensions: 71
[2018-08-29 10:58:31.596] [sharedprocess] [info] Scanned user extensions: 7
[2018-08-29 10:58:31.604] [sharedprocess] [info] Scanned user extensions: 7
[2018-08-29 10:59:09.901] [sharedprocess] [info] Starting to clean up unused language packs.
[2018-08-29 11:03:31.628] [sharedprocess] [info] Scanned user extensions: 7
[2018-08-29 11:08:31.643] [sharedprocess] [info] Scanned user extensions: 7
[2018-08-29 11:13:31.663] [sharedprocess] [info] Scanned user extensions: 7
[2018-08-29 11:18:31.672] [sharedprocess] [info] Scanned user extensions: 7
[2018-08-29 11:23:31.679] [sharedprocess] [info] Scanned user extensions: 7
[2018-08-29 11:28:31.688] [sharedprocess] [info] Scanned user extensions: 7
[2018-08-29 11:33:31.696] [sharedprocess] [info] Scanned user extensions: 7
[2018-08-29 11:38:31.704] [sharedprocess] [info] Scanned user extensions: 7
[2018-08-29 11:43:31.717] [sharedprocess] [info] Scanned user extensions: 7
[2018-08-29 11:48:31.722] [sharedprocess] [info] Scanned user extensions: 7
[2018-08-29 11:53:31.728] [sharedprocess] [info] Scanned user extensions: 7
[2018-08-29 11:58:32.922] [sharedprocess] [info] Scanned user extensions: 7
