[2018-08-28 10:56:05.699] [exthost1] [info] extension host started
[2018-08-28 10:56:05.712] [exthost1] [info] ExtensionService#_doActivateExtension vscode.debug-auto-launch {"startup":true,"activationEvent":"*"}
[2018-08-28 10:56:05.713] [exthost1] [info] ExtensionService#loadCommonJSModule /usr/share/code/resources/app/extensions/debug-auto-launch/out/extension
[2018-08-28 10:56:05.719] [exthost1] [info] ExtensionService#_doActivateExtension vscode.emmet {"startup":true,"activationEvent":"*"}
[2018-08-28 10:56:05.719] [exthost1] [info] ExtensionService#loadCommonJSModule /usr/share/code/resources/app/extensions/emmet/out/extension
[2018-08-28 10:56:05.751] [exthost1] [info] ExtensionService#_doActivateExtension vscode.git {"startup":true,"activationEvent":"*"}
[2018-08-28 10:56:05.751] [exthost1] [info] ExtensionService#loadCommonJSModule /usr/share/code/resources/app/extensions/git/out/main
[2018-08-28 10:56:05.840] [exthost1] [info] ExtensionService#_doActivateExtension vscode.merge-conflict {"startup":true,"activationEvent":"*"}
[2018-08-28 10:56:05.840] [exthost1] [info] ExtensionService#loadCommonJSModule /usr/share/code/resources/app/extensions/merge-conflict/out/extension
[2018-08-28 10:56:05.847] [exthost1] [info] ExtensionService#_doActivateExtension vscode.search-rg {"startup":true,"activationEvent":"*"}
[2018-08-28 10:56:05.847] [exthost1] [info] ExtensionService#loadCommonJSModule /usr/share/code/resources/app/extensions/search-rg/out/extension
[2018-08-28 10:56:05.850] [exthost1] [info] ExtensionService#_doActivateExtension esbenp.prettier-vscode {"startup":true,"activationEvent":"*"}
[2018-08-28 10:56:05.850] [exthost1] [info] ExtensionService#loadCommonJSModule /home/xsisec/.vscode/extensions/esbenp.prettier-vscode-1.6.1/out/src/extension
[2018-08-28 10:56:05.951] [exthost1] [info] ExtensionService#_doActivateExtension HookyQR.beautify {"startup":true,"activationEvent":"*"}
[2018-08-28 10:56:05.951] [exthost1] [info] ExtensionService#loadCommonJSModule /home/xsisec/.vscode/extensions/hookyqr.beautify-1.3.2/extension
[2018-08-28 10:56:05.976] [exthost1] [info] ExtensionService#_doActivateExtension PKief.material-icon-theme {"startup":true,"activationEvent":"*"}
[2018-08-28 10:56:05.976] [exthost1] [info] ExtensionService#loadCommonJSModule /home/xsisec/.vscode/extensions/pkief.material-icon-theme-3.5.3/out/src/extension
[2018-08-28 10:56:05.998] [exthost1] [info] eager extensions activated
[2018-08-28 10:56:43.537] [exthost1] [info] extension host started
[2018-08-28 10:56:43.548] [exthost1] [info] ExtensionService#_doActivateExtension vscode.debug-auto-launch {"startup":true,"activationEvent":"*"}
[2018-08-28 10:56:43.548] [exthost1] [info] ExtensionService#loadCommonJSModule /usr/share/code/resources/app/extensions/debug-auto-launch/out/extension
[2018-08-28 10:56:43.554] [exthost1] [info] ExtensionService#_doActivateExtension vscode.emmet {"startup":true,"activationEvent":"*"}
[2018-08-28 10:56:43.554] [exthost1] [info] ExtensionService#loadCommonJSModule /usr/share/code/resources/app/extensions/emmet/out/extension
[2018-08-28 10:56:43.589] [exthost1] [info] ExtensionService#_doActivateExtension vscode.git {"startup":true,"activationEvent":"*"}
[2018-08-28 10:56:43.589] [exthost1] [info] ExtensionService#loadCommonJSModule /usr/share/code/resources/app/extensions/git/out/main
[2018-08-28 10:56:43.680] [exthost1] [info] ExtensionService#_doActivateExtension vscode.merge-conflict {"startup":true,"activationEvent":"*"}
[2018-08-28 10:56:43.680] [exthost1] [info] ExtensionService#loadCommonJSModule /usr/share/code/resources/app/extensions/merge-conflict/out/extension
[2018-08-28 10:56:43.686] [exthost1] [info] ExtensionService#_doActivateExtension vscode.search-rg {"startup":true,"activationEvent":"*"}
[2018-08-28 10:56:43.686] [exthost1] [info] ExtensionService#loadCommonJSModule /usr/share/code/resources/app/extensions/search-rg/out/extension
[2018-08-28 10:56:43.689] [exthost1] [info] ExtensionService#_doActivateExtension esbenp.prettier-vscode {"startup":true,"activationEvent":"*"}
[2018-08-28 10:56:43.689] [exthost1] [info] ExtensionService#loadCommonJSModule /home/xsisec/.vscode/extensions/esbenp.prettier-vscode-1.6.1/out/src/extension
[2018-08-28 10:56:43.794] [exthost1] [info] ExtensionService#_doActivateExtension HookyQR.beautify {"startup":true,"activationEvent":"*"}
[2018-08-28 10:56:43.794] [exthost1] [info] ExtensionService#loadCommonJSModule /home/xsisec/.vscode/extensions/hookyqr.beautify-1.3.2/extension
[2018-08-28 10:56:43.818] [exthost1] [info] ExtensionService#_doActivateExtension PKief.material-icon-theme {"startup":true,"activationEvent":"*"}
[2018-08-28 10:56:43.818] [exthost1] [info] ExtensionService#loadCommonJSModule /home/xsisec/.vscode/extensions/pkief.material-icon-theme-3.5.3/out/src/extension
[2018-08-28 10:56:43.840] [exthost1] [info] eager extensions activated
